GS글로벌 Error. Error when checking target: expected dense_1 to have 3 dimensions, but got array with shape (1918, 1) 
GS리테일 Error. Error when checking target: expected dense_2 to have 3 dimensions, but got array with shape (1883, 1) 
GS우 Error. Error when checking target: expected dense_3 to have 3 dimensions, but got array with shape (1918, 1) 
GS홈쇼핑 Error. Error when checking target: expected dense_4 to have 3 dimensions, but got array with shape (1918, 1) 
GV Error. Error when checking target: expected dense_5 to have 3 dimensions, but got array with shape (1918, 1) 
HB테크놀러지 Error. Error when checking target: expected dense_6 to have 3 dimensions, but got array with shape (1911, 1) 
HDC Error. Error when checking target: expected dense_7 to have 3 dimensions, but got array with shape (1890, 1) 
HDC아이콘트롤스 Error. Error when checking target: expected dense_8 to have 3 dimensions, but got array with shape (959, 1) 
HDC현대EP Error. Error when checking target: expected dense_9 to have 3 dimensions, but got array with shape (1918, 1) 
HDC현대산업개발 Error. Error when checking target: expected dense_10 to have 3 dimensions, but got array with shape (294, 1) 
HMM Error. Error when checking target: expected dense_11 to have 3 dimensions, but got array with shape (1897, 1) 
HRS Error. Error when checking target: expected dense_12 to have 3 dimensions, but got array with shape (1918, 1) 
HSD엔진 Error. Error when checking target: expected dense_13 to have 3 dimensions, but got array with shape (1904, 1) 
IBKS제10호스팩 Error. Error when checking target: expected dense_14 to have 3 dimensions, but got array with shape (217, 1) 
IBKS제11호스팩 Error. tuple index out of range 
IBKS제12호스팩 Error. tuple index out of range 
IBKS제7호스팩 Error. Error when checking target: expected dense_15 to have 3 dimensions, but got array with shape (357, 1) 
IHQ Error. Error when checking target: expected dense_16 to have 3 dimensions, but got array with shape (1918, 1) 
ISC Error. Error when checking target: expected dense_17 to have 3 dimensions, but got array with shape (1918, 1) 
ITX엠투엠 Error. Error when checking target: expected dense_18 to have 3 dimensions, but got array with shape (1848, 1) 
JB금융지주 Error. Error when checking target: expected dense_19 to have 3 dimensions, but got array with shape (1498, 1) 
JTC Error. Error when checking target: expected dense_20 to have 3 dimensions, but got array with shape (343, 1) 
JW생명과학 Error. Error when checking target: expected dense_21 to have 3 dimensions, but got array with shape (693, 1) 
JW신약 Error. Error when checking target: expected dense_22 to have 3 dimensions, but got array with shape (1918, 1) 
JW중외제약 Error. Error when checking target: expected dense_23 to have 3 dimensions, but got array with shape (1918, 1) 
JW중외제약2우B Error. Error when checking target: expected dense_24 to have 3 dimensions, but got array with shape (1540, 1) 
JW중외제약우 Error. Error when checking target: expected dense_25 to have 3 dimensions, but got array with shape (1316, 1) 
JW홀딩스 Error. Error when checking target: expected dense_26 to have 3 dimensions, but got array with shape (1918, 1) 
JYP Ent Error. [Errno 2] File stock\JYP Ent\JYP Ent.csv does not exist: 'stock\\JYP Ent\\JYP Ent.csv' 
KBI메탈 Error. Error when checking target: expected dense_27 to have 3 dimensions, but got array with shape (1869, 1) 
KB금융 Error. Error when checking target: expected dense_28 to have 3 dimensions, but got array with shape (1918, 1) 
KB오토시스 Error. Error when checking target: expected dense_29 to have 3 dimensions, but got array with shape (1750, 1) 
KCC Error. Error when checking target: expected dense_30 to have 3 dimensions, but got array with shape (1904, 1) 
KCC건설 Error. Error when checking target: expected dense_31 to have 3 dimensions, but got array with shape (1918, 1) 
KCI Error. Error when checking target: expected dense_32 to have 3 dimensions, but got array with shape (1883, 1) 
KCTC Error. Error when checking target: expected dense_33 to have 3 dimensions, but got array with shape (1771, 1) 
KC그린홀딩스 Error. Error when checking target: expected dense_34 to have 3 dimensions, but got array with shape (1911, 1) 
KC코트렐 Error. Error when checking target: expected dense_35 to have 3 dimensions, but got array with shape (1918, 1) 
KD Error. Error when checking target: expected dense_36 to have 3 dimensions, but got array with shape (1561, 1) 
KEC Error. Error when checking target: expected dense_37 to have 3 dimensions, but got array with shape (1904, 1) 
KG ETS Error. Error when checking target: expected dense_38 to have 3 dimensions, but got array with shape (1491, 1) 
KG동부제철 Error. Error when checking target: expected dense_39 to have 3 dimensions, but got array with shape (1827, 1) 
KG동부제철우 Error. Error when checking target: expected dense_40 to have 3 dimensions, but got array with shape (1491, 1) 
KG모빌리언스 Error. Error when checking target: expected dense_41 to have 3 dimensions, but got array with shape (1911, 1) 
KG이니시스 Error. Error when checking target: expected dense_42 to have 3 dimensions, but got array with shape (1911, 1) 
KG케미칼 Error. Error when checking target: expected dense_43 to have 3 dimensions, but got array with shape (1911, 1) 
KH바텍 Error. Error when checking target: expected dense_44 to have 3 dimensions, but got array with shape (1918, 1) 
KISCO홀딩스 Error. Error when checking target: expected dense_45 to have 3 dimensions, but got array with shape (1848, 1) 
KMH Error. Error when checking target: expected dense_46 to have 3 dimensions, but got array with shape (1918, 1) 
GS글로벌 Error. Input 0 is incompatible with layer lstm_3: expected ndim=3, found ndim=2 
GS리테일 Error. Input 0 is incompatible with layer lstm_6: expected ndim=3, found ndim=2 
GS우 Error. Input 0 is incompatible with layer lstm_9: expected ndim=3, found ndim=2 
GS홈쇼핑 Error. Input 0 is incompatible with layer lstm_12: expected ndim=3, found ndim=2 
GV Error. Input 0 is incompatible with layer lstm_15: expected ndim=3, found ndim=2 
HB테크놀러지 Error. Input 0 is incompatible with layer lstm_18: expected ndim=3, found ndim=2 
HDC Error. Input 0 is incompatible with layer lstm_21: expected ndim=3, found ndim=2 
HDC아이콘트롤스 Error. Input 0 is incompatible with layer lstm_24: expected ndim=3, found ndim=2 
HDC현대EP Error. Input 0 is incompatible with layer lstm_27: expected ndim=3, found ndim=2 
